ISim log file
Running: /home/rifat/Projects/apertus/codes/s6serdes_axiom/par/s6serdes_axiom/tb_top_nto1_pll_isim_beh.exe -intstyle ise -gui -tclbatch isim.cmd -wdb /home/rifat/Projects/apertus/codes/s6serdes_axiom/par/s6serdes_axiom/tb_top_nto1_pll_isim_beh.wdb 
ISim P.68d (signature 0xfbc00daa)
WARNING: A WEBPACK license was found.
WARNING: Please use Xilinx License Configuration Manager to check out a full ISim license.
WARNING: ISim will run in Lite mode. Please refer to the ISim documentation for more information on the differences between the Lite and the Full version.
This is a Lite version of ISim.
Time resolution is 1 ps
# onerror resume
# wave add /
# run 1000 ns
Simulator is doing circuit initialization process.
Finished circuit initialization process.
# show driver /tb_top_nto1_pll/board_clk
Driver for /tb_top_nto1_pll/board_clk
	'0'	: /tb_top_nto1_pll/:77
		  in File "/home/rifat/Projects/apertus/codes/s6serdes_axiom/sim/tb_top_nto1_pll.vhd" Line 77

ISim P.68d (signature 0xfbc00daa)
WARNING: A WEBPACK license was found.
WARNING: Please use Xilinx License Configuration Manager to check out a full ISim license.
WARNING: ISim will run in Lite mode. Please refer to the ISim documentation for more information on the differences between the Lite and the Full version.
This is a Lite version of ISim.
# run 1000 ns
Simulator is doing circuit initialization process.
Finished circuit initialization process.
# run all
Stopped at time : 20810958 ps : File "/home/rifat/Projects/apertus/codes/s6serdes_axiom/rtl/nto1_pll_diff_tx.vhd" Line 193
# exit 0
