Release 14.6 Map P.68d (lin)
Xilinx Mapping Report File for Design 'top_s6_axiom'

Design Information
------------------
Command Line   : map -intstyle ise -p xc6slx4-tqg144-3 -w -logic_opt off -ol
high -t 1 -xt 0 -register_duplication off -r 4 -global_opt off -mt off -ir off
-pr off -lc off -power off -o top_s6_axiom_map.ncd top_s6_axiom.ngd
top_s6_axiom.pcf 
Target Device  : xc6slx4
Target Package : tqg144
Target Speed   : -3
Mapper Version : spartan6 -- $Revision: 1.55 $
Mapped Date    : Sun Apr 13 22:00:13 2014

Design Summary
--------------
Number of errors:      0
Number of warnings:    0
Slice Logic Utilization:
  Number of Slice Registers:                   232 out of   4,800    4%
    Number used as Flip Flops:                 232
    Number used as Latches:                      0
    Number used as Latch-thrus:                  0
    Number used as AND/OR logics:                0
  Number of Slice LUTs:                        274 out of   2,400   11%
    Number used as logic:                      230 out of   2,400    9%
      Number using O6 output only:             114
      Number using O5 output only:              54
      Number using O5 and O6:                   62
      Number used as ROM:                        0
    Number used as Memory:                      41 out of   1,200    3%
      Number used as Dual Port RAM:              0
      Number used as Single Port RAM:            0
      Number used as Shift Register:            41
        Number using O6 output only:            41
        Number using O5 output only:             0
        Number using O5 and O6:                  0
    Number used exclusively as route-thrus:      3
      Number with same-slice register load:      1
      Number with same-slice carry load:         2
      Number with other load:                    0

Slice Logic Distribution:
  Number of occupied Slices:                    97 out of     600   16%
  Number of MUXCYs used:                       120 out of   1,200   10%
  Number of LUT Flip Flop pairs used:          291
    Number with an unused Flip Flop:            82 out of     291   28%
    Number with an unused LUT:                  17 out of     291    5%
    Number of fully used LUT-FF pairs:         192 out of     291   65%
    Number of unique control sets:              16
    Number of slice register sites lost
      to control set restrictions:              63 out of   4,800    1%

  A LUT Flip Flop pair for this architecture represents one LUT paired with
  one Flip Flop within a slice.  A control set is a unique combination of
  clock, reset, set, and enable signals for a registered element.
  The Slice Logic Distribution report is not meaningful if the design is
  over-mapped for a non-slice resource or if Placement fails.

IO Utilization:
  Number of bonded IOBs:                        31 out of     102   30%
    Number of LOCed IOBs:                       28 out of      31   90%
    IOB Master Pads:                             7
    IOB Slave Pads:                              7

Specific Feature Utilization:
  Number of RAMB16BWERs:                         0 out of      12    0%
  Number of RAMB8BWERs:                          0 out of      24    0%
  Number of BUFIO2/BUFIO2_2CLKs:                 2 out of      32    6%
    Number used as BUFIO2s:                      2
    Number used as BUFIO2_2CLKs:                 0
  Number of BUFIO2FB/BUFIO2FB_2CLKs:             1 out of      32    3%
    Number used as BUFIO2FBs:                    1
    Number used as BUFIO2FB_2CLKs:               0
  Number of BUFG/BUFGMUXs:                       2 out of      16   12%
    Number used as BUFGs:                        2
    Number used as BUFGMUX:                      0
  Number of DCM/DCM_CLKGENs:                     0 out of       4    0%
  Number of ILOGIC2/ISERDES2s:                  14 out of     200    7%
    Number used as ILOGIC2s:                     0
    Number used as ISERDES2s:                   14
  Number of IODELAY2/IODRP2/IODRP2_MCBs:        14 out of     200    7%
    Number used as IODELAY2s:                   14
    Number used as IODRP2s:                      0
    Number used as IODRP2_MCBs:                  0
  Number of OLOGIC2/OSERDES2s:                  14 out of     200    7%
    Number used as OLOGIC2s:                     0
    Number used as OSERDES2s:                   14
  Number of BSCANs:                              0 out of       4    0%
  Number of BUFHs:                               0 out of     128    0%
  Number of BUFPLLs:                             2 out of       8   25%
  Number of BUFPLL_MCBs:                         0 out of       4    0%
  Number of DSP48A1s:                            0 out of       8    0%
  Number of ICAPs:                               0 out of       1    0%
  Number of PCILOGICSEs:                         0 out of       2    0%
  Number of PLL_ADVs:                            2 out of       2  100%
  Number of PMVs:                                0 out of       1    0%
  Number of STARTUPs:                            0 out of       1    0%
  Number of SUSPEND_SYNCs:                       0 out of       1    0%

Average Fanout of Non-Clock Nets:                2.97

Peak Memory Usage:  233 MB
Total REAL time to MAP completion:  9 secs 
Total CPU time to MAP completion:   7 secs 

Table of Contents
-----------------
Section 1 - Errors
Section 2 - Warnings
Section 3 - Informational
Section 4 - Removed Logic Summary
Section 5 - Removed Logic
Section 6 - IOB Properties
Section 7 - RPMs
Section 8 - Guide Report
Section 9 - Area Group and Partition Summary
Section 10 - Timing Report
Section 11 - Configuration String Information
Section 12 - Control Set Information
Section 13 - Utilization by Hierarchy

Section 1 - Errors
------------------

Section 2 - Warnings
--------------------

Section 3 - Informational
-------------------------
INFO:MapLib:562 - No environment variables are currently set.
INFO:LIT:244 - All of the single ended outputs in this design are using slew
   rate limited output drivers. The delay on speed critical single ended outputs
   can be dramatically reduced by designating them as fast outputs.
INFO:Pack:1716 - Initializing temperature to 85.000 Celsius. (default - Range:
   0.000 to 85.000 Celsius)
INFO:Pack:1720 - Initializing voltage to 1.140 Volts. (default - Range: 1.140 to
   1.260 Volts)
INFO:Map:215 - The Interim Design Summary has been generated in the MAP Report
   (.mrp).
INFO:Place:834 - Only a subset of IOs are locked. Out of 31 IOs, 28 are locked
   and 3 are not locked. If you would like to print the names of these IOs,
   please set the environment variable XIL_PAR_DESIGN_CHECK_VERBOSE to 1. 
INFO:Pack:1650 - Map created a placed design.

Section 4 - Removed Logic Summary
---------------------------------
   2 block(s) optimized away

Section 5 - Removed Logic
-------------------------

Optimized Block(s):
TYPE 		BLOCK
GND 		XST_GND
VCC 		XST_VCC

To enable printing of redundant blocks removed and signals merged, set the
detailed map report option and rerun map.

Section 6 - IOB Properties
--------------------------

+---------------------------------------------------------------------------------------------------------------------------------------------------------+
| IOB Name                           | Type             | Direction | IO Standard          | Diff  | Drive    | Slew | Reg (s)      | Resistor | IOB      |
|                                    |                  |           |                      | Term  | Strength | Rate |              |          | Delay    |
+---------------------------------------------------------------------------------------------------------------------------------------------------------+
| i_clk                              | IOB              | INPUT     | LVCMOS25             |       |          |      |              |          |          |
| i_clk_n                            | IOB              | INPUT     | LVDS_25              | TRUE  |          |      |              |          |          |
| i_clk_p                            | IOB              | INPUT     | LVDS_25              | TRUE  |          |      | ISERDES      |          | VARIABLE |
| i_data_n<0>                        | IOB              | INPUT     | LVDS_25              | TRUE  |          |      |              |          |          |
| i_data_n<1>                        | IOB              | INPUT     | LVDS_25              | TRUE  |          |      |              |          |          |
| i_data_n<2>                        | IOB              | INPUT     | LVDS_25              | TRUE  |          |      |              |          |          |
| i_data_n<3>                        | IOB              | INPUT     | LVDS_25              | TRUE  |          |      |              |          |          |
| i_data_n<4>                        | IOB              | INPUT     | LVDS_25              | TRUE  |          |      |              |          |          |
| i_data_n<5>                        | IOB              | INPUT     | LVDS_25              | TRUE  |          |      |              |          |          |
| i_data_p<0>                        | IOB              | INPUT     | LVDS_25              | TRUE  |          |      | ISERDES      |          | DIFF_PHA |
| i_data_p<1>                        | IOB              | INPUT     | LVDS_25              | TRUE  |          |      | ISERDES      |          | DIFF_PHA |
| i_data_p<2>                        | IOB              | INPUT     | LVDS_25              | TRUE  |          |      | ISERDES      |          | DIFF_PHA |
| i_data_p<3>                        | IOB              | INPUT     | LVDS_25              | TRUE  |          |      | ISERDES      |          | DIFF_PHA |
| i_data_p<4>                        | IOB              | INPUT     | LVDS_25              | TRUE  |          |      | ISERDES      |          | DIFF_PHA |
| i_data_p<5>                        | IOB              | INPUT     | LVDS_25              | TRUE  |          |      | ISERDES      |          | DIFF_PHA |
| i_rst                              | IOB              | INPUT     | LVCMOS25             |       |          |      |              |          |          |
| o_clk_n                            | IOBS             | OUTPUT    | LVDS_25              |       |          |      |              |          |          |
| o_clk_p                            | IOBM             | OUTPUT    | LVDS_25              |       |          |      | OSERDES      |          |          |
| o_data_n<0>                        | IOBS             | OUTPUT    | LVDS_25              |       |          |      |              |          |          |
| o_data_n<1>                        | IOBS             | OUTPUT    | LVDS_25              |       |          |      |              |          |          |
| o_data_n<2>                        | IOBS             | OUTPUT    | LVDS_25              |       |          |      |              |          |          |
| o_data_n<3>                        | IOBS             | OUTPUT    | LVDS_25              |       |          |      |              |          |          |
| o_data_n<4>                        | IOBS             | OUTPUT    | LVDS_25              |       |          |      |              |          |          |
| o_data_n<5>                        | IOBS             | OUTPUT    | LVDS_25              |       |          |      |              |          |          |
| o_data_p<0>                        | IOBM             | OUTPUT    | LVDS_25              |       |          |      | OSERDES      |          |          |
| o_data_p<1>                        | IOBM             | OUTPUT    | LVDS_25              |       |          |      | OSERDES      |          |          |
| o_data_p<2>                        | IOBM             | OUTPUT    | LVDS_25              |       |          |      | OSERDES      |          |          |
| o_data_p<3>                        | IOBM             | OUTPUT    | LVDS_25              |       |          |      | OSERDES      |          |          |
| o_data_p<4>                        | IOBM             | OUTPUT    | LVDS_25              |       |          |      | OSERDES      |          |          |
| o_data_p<5>                        | IOBM             | OUTPUT    | LVDS_25              |       |          |      | OSERDES      |          |          |
| o_error                            | IOB              | OUTPUT    | LVCMOS25             |       | 12       | SLOW |              |          |          |
+---------------------------------------------------------------------------------------------------------------------------------------------------------+

Section 7 - RPMs
----------------

Section 8 - Guide Report
------------------------
Guide not run on this design.

Section 9 - Area Group and Partition Summary
--------------------------------------------

Partition Implementation Status
-------------------------------

  No Partitions were found in this design.

-------------------------------

Area Group Information
----------------------

  No area groups were found in this design.

----------------------

Section 10 - Timing Report
--------------------------
A logic-level (pre-route) timing report can be generated by using Xilinx static
timing analysis tools, Timing Analyzer (GUI) or TRCE (command line), with the
mapped NCD and PCF files. Please note that this timing report will be generated
using estimated delay information. For accurate numbers, please generate a
timing report with the post Place and Route NCD file.

For more information about the Timing Analyzer, consult the Xilinx Timing
Analyzer Reference Manual; for more information about TRCE, consult the Xilinx
Command Line Tools User Guide "TRACE" chapter.

Section 11 - Configuration String Details
-----------------------------------------
Use the "-detail" map option to print out Configuration Strings

Section 12 - Control Set Information
------------------------------------
Use the "-detail" map option to print out Control Set Information.

Section 13 - Utilization by Hierarchy
-------------------------------------
Use the "-detail" map option to print out the Utilization by Hierarchy section.
